<?xml version="1.0" encoding="UTF-8"?>
<!-- Generated by org.testng.reporters.JUnitReportReporter -->
<testsuite hostname="Prasanjeet" name="FreshStart.FreshProject.Module1.Module1Tests" tests="1" failures="0" timestamp="7 Dec 2019 13:52:08 GMT" time="0.002" errors="0">
  <testcase name="secondMethod" time="0.002" classname="FreshStart.FreshProject.Module1.Module1Tests"/>
</testsuite> <!-- FreshStart.FreshProject.Module1.Module1Tests -->
