<?xml version="1.0" encoding="UTF-8"?>
<!-- Generated by org.testng.reporters.JUnitReportReporter -->
<testsuite hostname="Prasanjeet" name="FreshStart.FreshProject.Module1.Module1Objects" tests="1" failures="0" timestamp="7 Dec 2019 13:52:08 GMT" time="0.018" errors="0">
  <testcase name="firstMethod" time="0.018" classname="FreshStart.FreshProject.Module1.Module1Objects"/>
</testsuite> <!-- FreshStart.FreshProject.Module1.Module1Objects -->
